Flow report for I2C_control
Mon Jul 24 11:29:54 2017
Quartus II Version 10.0 Build 218 06/27/2010 SJ Web Edition


---------------------
; Table of Contents ;
---------------------
  1. Legal Notice
  2. Flow Summary
  3. Flow Settings
  4. Flow Non-Default Global Settings
  5. Flow Elapsed Time
  6. Flow OS Summary
  7. Flow Log



----------------
; Legal Notice ;
----------------
Copyright (C) 1991-2010 Altera Corporation
Your use of Altera Corporation's design tools, logic functions 
and other software and tools, and its AMPP partner logic 
functions, and any output files from any of the foregoing 
(including device programming or simulation files), and any 
associated documentation or information are expressly subject 
to the terms and conditions of the Altera Program License 
Subscription Agreement, Altera MegaCore Function License 
Agreement, or other applicable license agreement, including, 
without limitation, that your use is for the sole purpose of 
programming logic devices manufactured by Altera and sold by 
Altera or its authorized distributors.  Please refer to the 
applicable agreement for further details.



+-------------------------------------------------------------------------------+
; Flow Summary                                                                  ;
+------------------------------------+------------------------------------------+
; Flow Status                        ; Successful - Mon Jul 24 11:29:52 2017    ;
; Quartus II Version                 ; 10.0 Build 218 06/27/2010 SJ Web Edition ;
; Revision Name                      ; I2C_control                              ;
; Top-level Entity Name              ; I2C_control                              ;
; Family                             ; Cyclone IV E                             ;
; Met timing requirements            ; N/A                                      ;
; Total logic elements               ; 19 / 6,272 ( < 1 % )                     ;
;     Total combinational functions  ; 19 / 6,272 ( < 1 % )                     ;
;     Dedicated logic registers      ; 8 / 6,272 ( < 1 % )                      ;
; Total registers                    ; 8                                        ;
; Total pins                         ; 19 / 92 ( 21 % )                         ;
; Total virtual pins                 ; 0                                        ;
; Total memory bits                  ; 0 / 276,480 ( 0 % )                      ;
; Embedded Multiplier 9-bit elements ; 0 / 30 ( 0 % )                           ;
; Total PLLs                         ; 0 / 2 ( 0 % )                            ;
; Device                             ; EP4CE6E22C6                              ;
; Timing Models                      ; Final                                    ;
+------------------------------------+------------------------------------------+


+-----------------------------------------+
; Flow Settings                           ;
+-------------------+---------------------+
; Option            ; Setting             ;
+-------------------+---------------------+
; Start date & time ; 07/24/2017 11:29:39 ;
; Main task         ; Compilation         ;
; Revision Name     ; I2C_control         ;
+-------------------+---------------------+


+-----------------------------------------------------------------------------------------------------------------+
; Flow Non-Default Global Settings                                                                                ;
+-------------------------------------+--------------------------------+---------------+-------------+------------+
; Assignment Name                     ; Value                          ; Default Value ; Entity Name ; Section Id ;
+-------------------------------------+--------------------------------+---------------+-------------+------------+
; COMPILER_SIGNATURE_ID               ; 48791045693873.150086697917552 ; --            ; --          ; --         ;
; PARTITION_COLOR                     ; 16764057                       ; --            ; --          ; Top        ;
; PARTITION_FITTER_PRESERVATION_LEVEL ; PLACEMENT_AND_ROUTING          ; --            ; --          ; Top        ;
; PARTITION_NETLIST_TYPE              ; SOURCE                         ; --            ; --          ; Top        ;
+-------------------------------------+--------------------------------+---------------+-------------+------------+


+-------------------------------------------------------------------------------------------------------------------------------+
; Flow Elapsed Time                                                                                                             ;
+---------------------------+--------------+-------------------------+---------------------+------------------------------------+
; Module Name               ; Elapsed Time ; Average Processors Used ; Peak Virtual Memory ; Total CPU Time (on all processors) ;
+---------------------------+--------------+-------------------------+---------------------+------------------------------------+
; Analysis & Synthesis      ; 00:00:02     ; 1.0                     ; 279 MB              ; 00:00:01                           ;
; Fitter                    ; 00:00:04     ; 1.0                     ; 348 MB              ; 00:00:04                           ;
; Assembler                 ; 00:00:01     ; 1.0                     ; 259 MB              ; 00:00:01                           ;
; TimeQuest Timing Analyzer ; 00:00:04     ; 1.0                     ; 283 MB              ; 00:00:02                           ;
; Total                     ; 00:00:11     ; --                      ; --                  ; 00:00:08                           ;
+---------------------------+--------------+-------------------------+---------------------+------------------------------------+


+--------------------------------------------------------------------------------------------+
; Flow OS Summary                                                                            ;
+---------------------------+------------------+---------------+------------+----------------+
; Module Name               ; Machine Hostname ; OS Name       ; OS Version ; Processor type ;
+---------------------------+------------------+---------------+------------+----------------+
; Analysis & Synthesis      ; DESKTOP-JK62PQ3  ; Windows Vista ; 6.2        ; x86_64         ;
; Fitter                    ; DESKTOP-JK62PQ3  ; Windows Vista ; 6.2        ; x86_64         ;
; Assembler                 ; DESKTOP-JK62PQ3  ; Windows Vista ; 6.2        ; x86_64         ;
; TimeQuest Timing Analyzer ; DESKTOP-JK62PQ3  ; Windows Vista ; 6.2        ; x86_64         ;
+---------------------------+------------------+---------------+------------+----------------+


------------
; Flow Log ;
------------
quartus_map --read_settings_files=on --write_settings_files=off I2C_control -c I2C_control
quartus_fit --read_settings_files=off --write_settings_files=off I2C_control -c I2C_control
quartus_asm --read_settings_files=off --write_settings_files=off I2C_control -c I2C_control
quartus_sta I2C_control -c I2C_control



