Analysis & Synthesis report for I2C_write
Fri Sep 01 11:37:41 2017
Quartus II Version 10.0 Build 218 06/27/2010 SJ Web Edition


---------------------
; Table of Contents ;
---------------------
  1. Legal Notice
  2. Analysis & Synthesis Summary
  3. Analysis & Synthesis Settings
  4. Parallel Compilation
  5. Analysis & Synthesis Source Files Read
  6. Analysis & Synthesis Resource Usage Summary
  7. Analysis & Synthesis Resource Utilization by Entity
  8. State Machine - |I2C_write|I2C_control:I2C_control_0|fstate
  9. Registers Removed During Synthesis
 10. General Register Statistics
 11. Multiplexer Restructuring Statistics (Restructuring Performed)
 12. Parameter Settings for User Entity Instance: I2C_control:I2C_control_0
 13. Port Connectivity Checks: "I2C_control:I2C_control_0"
 14. Analysis & Synthesis Messages



----------------
; Legal Notice ;
----------------
Copyright (C) 1991-2010 Altera Corporation
Your use of Altera Corporation's design tools, logic functions 
and other software and tools, and its AMPP partner logic 
functions, and any output files from any of the foregoing 
(including device programming or simulation files), and any 
associated documentation or information are expressly subject 
to the terms and conditions of the Altera Program License 
Subscription Agreement, Altera MegaCore Function License 
Agreement, or other applicable license agreement, including, 
without limitation, that your use is for the sole purpose of 
programming logic devices manufactured by Altera and sold by 
Altera or its authorized distributors.  Please refer to the 
applicable agreement for further details.



+-------------------------------------------------------------------------------+
; Analysis & Synthesis Summary                                                  ;
+------------------------------------+------------------------------------------+
; Analysis & Synthesis Status        ; Successful - Fri Sep 01 11:37:41 2017    ;
; Quartus II Version                 ; 10.0 Build 218 06/27/2010 SJ Web Edition ;
; Revision Name                      ; I2C_write                                ;
; Top-level Entity Name              ; I2C_write                                ;
; Family                             ; Cyclone IV E                             ;
; Total logic elements               ; 54                                       ;
;     Total combinational functions  ; 54                                       ;
;     Dedicated logic registers      ; 43                                       ;
; Total registers                    ; 43                                       ;
; Total pins                         ; 40                                       ;
; Total virtual pins                 ; 0                                        ;
; Total memory bits                  ; 0                                        ;
; Embedded Multiplier 9-bit elements ; 0                                        ;
; Total PLLs                         ; 0                                        ;
+------------------------------------+------------------------------------------+


+----------------------------------------------------------------------------------------------------------------------+
; Analysis & Synthesis Settings                                                                                        ;
+----------------------------------------------------------------------------+--------------------+--------------------+
; Option                                                                     ; Setting            ; Default Value      ;
+----------------------------------------------------------------------------+--------------------+--------------------+
; Device                                                                     ; EP4CE115F29C7      ;                    ;
; Top-level entity name                                                      ; I2C_write          ; I2C_write          ;
; Family name                                                                ; Cyclone IV E       ; Stratix II         ;
; Use smart compilation                                                      ; Off                ; Off                ;
; Enable parallel Assembler and TimeQuest Timing Analyzer during compilation ; On                 ; On                 ;
; Enable compact report table                                                ; Off                ; Off                ;
; Restructure Multiplexers                                                   ; Auto               ; Auto               ;
; Create Debugging Nodes for IP Cores                                        ; Off                ; Off                ;
; Preserve fewer node names                                                  ; On                 ; On                 ;
; Disable OpenCore Plus hardware evaluation                                  ; Off                ; Off                ;
; Verilog Version                                                            ; Verilog_2001       ; Verilog_2001       ;
; VHDL Version                                                               ; VHDL_1993          ; VHDL_1993          ;
; State Machine Processing                                                   ; Auto               ; Auto               ;
; Safe State Machine                                                         ; Off                ; Off                ;
; Extract Verilog State Machines                                             ; On                 ; On                 ;
; Extract VHDL State Machines                                                ; On                 ; On                 ;
; Ignore Verilog initial constructs                                          ; Off                ; Off                ;
; Iteration limit for constant Verilog loops                                 ; 5000               ; 5000               ;
; Iteration limit for non-constant Verilog loops                             ; 250                ; 250                ;
; Add Pass-Through Logic to Inferred RAMs                                    ; On                 ; On                 ;
; Parallel Synthesis                                                         ; On                 ; On                 ;
; DSP Block Balancing                                                        ; Auto               ; Auto               ;
; NOT Gate Push-Back                                                         ; On                 ; On                 ;
; Power-Up Don't Care                                                        ; On                 ; On                 ;
; Remove Redundant Logic Cells                                               ; Off                ; Off                ;
; Remove Duplicate Registers                                                 ; On                 ; On                 ;
; Ignore CARRY Buffers                                                       ; Off                ; Off                ;
; Ignore CASCADE Buffers                                                     ; Off                ; Off                ;
; Ignore GLOBAL Buffers                                                      ; Off                ; Off                ;
; Ignore ROW GLOBAL Buffers                                                  ; Off                ; Off                ;
; Ignore LCELL Buffers                                                       ; Off                ; Off                ;
; Ignore SOFT Buffers                                                        ; On                 ; On                 ;
; Limit AHDL Integers to 32 Bits                                             ; Off                ; Off                ;
; Optimization Technique                                                     ; Balanced           ; Balanced           ;
; Carry Chain Length                                                         ; 70                 ; 70                 ;
; Auto Carry Chains                                                          ; On                 ; On                 ;
; Auto Open-Drain Pins                                                       ; On                 ; On                 ;
; Perform WYSIWYG Primitive Resynthesis                                      ; Off                ; Off                ;
; Auto ROM Replacement                                                       ; On                 ; On                 ;
; Auto RAM Replacement                                                       ; On                 ; On                 ;
; Auto DSP Block Replacement                                                 ; On                 ; On                 ;
; Auto Shift Register Replacement                                            ; Auto               ; Auto               ;
; Auto Clock Enable Replacement                                              ; On                 ; On                 ;
; Strict RAM Replacement                                                     ; Off                ; Off                ;
; Allow Synchronous Control Signals                                          ; On                 ; On                 ;
; Force Use of Synchronous Clear Signals                                     ; Off                ; Off                ;
; Auto RAM Block Balancing                                                   ; On                 ; On                 ;
; Auto RAM to Logic Cell Conversion                                          ; Off                ; Off                ;
; Auto Resource Sharing                                                      ; Off                ; Off                ;
; Allow Any RAM Size For Recognition                                         ; Off                ; Off                ;
; Allow Any ROM Size For Recognition                                         ; Off                ; Off                ;
; Allow Any Shift Register Size For Recognition                              ; Off                ; Off                ;
; Use LogicLock Constraints during Resource Balancing                        ; On                 ; On                 ;
; Ignore translate_off and synthesis_off directives                          ; Off                ; Off                ;
; Timing-Driven Synthesis                                                    ; On                 ; On                 ;
; Report Parameter Settings                                                  ; On                 ; On                 ;
; Report Source Assignments                                                  ; On                 ; On                 ;
; Report Connectivity Checks                                                 ; On                 ; On                 ;
; Ignore Maximum Fan-Out Assignments                                         ; Off                ; Off                ;
; Synchronization Register Chain Length                                      ; 2                  ; 2                  ;
; PowerPlay Power Optimization                                               ; Normal compilation ; Normal compilation ;
; HDL message level                                                          ; Level2             ; Level2             ;
; Suppress Register Optimization Related Messages                            ; Off                ; Off                ;
; Number of Removed Registers Reported in Synthesis Report                   ; 5000               ; 5000               ;
; Number of Inverted Registers Reported in Synthesis Report                  ; 100                ; 100                ;
; Clock MUX Protection                                                       ; On                 ; On                 ;
; Auto Gated Clock Conversion                                                ; Off                ; Off                ;
; Block Design Naming                                                        ; Auto               ; Auto               ;
; SDC constraint protection                                                  ; Off                ; Off                ;
; Synthesis Effort                                                           ; Auto               ; Auto               ;
; Shift Register Replacement - Allow Asynchronous Clear Signal               ; On                 ; On                 ;
; Analysis & Synthesis Message Level                                         ; Medium             ; Medium             ;
; Disable Register Merging Across Hierarchies                                ; Auto               ; Auto               ;
; Resource Aware Inference For Block RAM                                     ; On                 ; On                 ;
; Synthesis Seed                                                             ; 1                  ; 1                  ;
+----------------------------------------------------------------------------+--------------------+--------------------+


Parallel compilation was disabled, but you have multiple processors available. Enable parallel compilation to reduce compilation time.
+-------------------------------------+
; Parallel Compilation                ;
+----------------------------+--------+
; Processors                 ; Number ;
+----------------------------+--------+
; Number detected on machine ; 4      ;
; Maximum allowed            ; 1      ;
+----------------------------+--------+


+------------------------------------------------------------------------------------------------------------------------------------------------------------------------------------------------------------------------+
; Analysis & Synthesis Source Files Read                                                                                                                                                                                 ;
+--------------------------------------------------------------------------------------+-----------------+------------------------+--------------------------------------------------------------------------------------+
; File Name with User-Entered Path                                                     ; Used in Netlist ; File Type              ; File Name with Absolute Path                                                         ;
+--------------------------------------------------------------------------------------+-----------------+------------------------+--------------------------------------------------------------------------------------+
; F:/Users/LLW/Documents/I2C_Control_HDL-Verilog/I2C_Control_HDL-Verilog/I2C_control.v ; yes             ; User Verilog HDL File  ; F:/Users/LLW/Documents/I2C_Control_HDL-Verilog/I2C_Control_HDL-Verilog/I2C_control.v ;
; I2C_write.v                                                                          ; yes             ; User Verilog HDL File  ; D:/DE2_115/lyp/I2C_write/I2C_write.v                                                 ;
+--------------------------------------------------------------------------------------+-----------------+------------------------+--------------------------------------------------------------------------------------+


+-----------------------------------------------------------+
; Analysis & Synthesis Resource Usage Summary               ;
+---------------------------------------------+-------------+
; Resource                                    ; Usage       ;
+---------------------------------------------+-------------+
; Estimated Total logic elements              ; 54          ;
;                                             ;             ;
; Total combinational functions               ; 54          ;
; Logic element usage by number of LUT inputs ;             ;
;     -- 4 input functions                    ; 39          ;
;     -- 3 input functions                    ; 5           ;
;     -- <=2 input functions                  ; 10          ;
;                                             ;             ;
; Logic elements by mode                      ;             ;
;     -- normal mode                          ; 50          ;
;     -- arithmetic mode                      ; 4           ;
;                                             ;             ;
; Total registers                             ; 43          ;
;     -- Dedicated logic registers            ; 43          ;
;     -- I/O registers                        ; 0           ;
;                                             ;             ;
; I/O pins                                    ; 40          ;
; Maximum fan-out node                        ; reset~input ;
; Maximum fan-out                             ; 75          ;
; Total fan-out                               ; 394         ;
; Average fan-out                             ; 2.21        ;
+---------------------------------------------+-------------+


+---------------------------------------------------------------------------------------------------------------------------------------------------------------------------------------------------------------+
; Analysis & Synthesis Resource Utilization by Entity                                                                                                                                                           ;
+--------------------------------+-------------------+--------------+-------------+------------+--------------+---------+-----------+------+--------------+--------------------------------------+--------------+
; Compilation Hierarchy Node     ; LC Combinationals ; LC Registers ; Memory Bits ; DSP Blocks ; DSP Elements ; DSP 9x9 ; DSP 18x18 ; Pins ; Virtual Pins ; Full Hierarchy Name                  ; Library Name ;
+--------------------------------+-------------------+--------------+-------------+------------+--------------+---------+-----------+------+--------------+--------------------------------------+--------------+
; |I2C_write                     ; 54 (39)           ; 43 (35)      ; 0           ; 0          ; 0            ; 0       ; 0         ; 40   ; 0            ; |I2C_write                           ;              ;
;    |I2C_control:I2C_control_0| ; 15 (15)           ; 8 (8)        ; 0           ; 0          ; 0            ; 0       ; 0         ; 0    ; 0            ; |I2C_write|I2C_control:I2C_control_0 ;              ;
+--------------------------------+-------------------+--------------+-------------+------------+--------------+---------+-----------+------+--------------+--------------------------------------+--------------+
Note: For table entries with two numbers listed, the numbers in parentheses indicate the number of resources of the given type used by the specific entity alone. The numbers listed outside of parentheses indicate the total resources of the given type used by the specific entity and all of its sub-entities in the hierarchy.


Encoding Type:  One-Hot
+------------------------------------------------------------------------------------------------------------------------------------------------+
; State Machine - |I2C_write|I2C_control:I2C_control_0|fstate                                                                                    ;
+----------------+--------------+----------------+---------------+----------------+---------------+----------------+-------------+---------------+
; Name           ; fstate.X_END ; fstate.X_FINAL ; fstate.X_STOP ; fstate.X_SHIFT ; fstate.X_WAIT ; fstate.X_START ; fstate.X_GO ; fstate.X_IDLE ;
+----------------+--------------+----------------+---------------+----------------+---------------+----------------+-------------+---------------+
; fstate.X_IDLE  ; 0            ; 0              ; 0             ; 0              ; 0             ; 0              ; 0           ; 0             ;
; fstate.X_GO    ; 0            ; 0              ; 0             ; 0              ; 0             ; 0              ; 1           ; 1             ;
; fstate.X_START ; 0            ; 0              ; 0             ; 0              ; 0             ; 1              ; 0           ; 1             ;
; fstate.X_WAIT  ; 0            ; 0              ; 0             ; 0              ; 1             ; 0              ; 0           ; 1             ;
; fstate.X_SHIFT ; 0            ; 0              ; 0             ; 1              ; 0             ; 0              ; 0           ; 1             ;
; fstate.X_STOP  ; 0            ; 0              ; 1             ; 0              ; 0             ; 0              ; 0           ; 1             ;
; fstate.X_FINAL ; 0            ; 1              ; 0             ; 0              ; 0             ; 0              ; 0           ; 1             ;
; fstate.X_END   ; 1            ; 0              ; 0             ; 0              ; 0             ; 0              ; 0           ; 1             ;
+----------------+--------------+----------------+---------------+----------------+---------------+----------------+-------------+---------------+


+------------------------------------------------------------+
; Registers Removed During Synthesis                         ;
+---------------------------------------+--------------------+
; Register name                         ; Reason for Removal ;
+---------------------------------------+--------------------+
; I2C_control:I2C_control_0|fstate~2    ; Lost fanout        ;
; I2C_control:I2C_control_0|fstate~3    ; Lost fanout        ;
; I2C_control:I2C_control_0|fstate~4    ; Lost fanout        ;
; I2C_control:I2C_control_0|fstate~5    ; Lost fanout        ;
; I2C_control:I2C_control_0|fstate~6    ; Lost fanout        ;
; I2C_control:I2C_control_0|fstate~7    ; Lost fanout        ;
; I2C_control:I2C_control_0|fstate~8    ; Lost fanout        ;
; I2C_control:I2C_control_0|fstate~9    ; Lost fanout        ;
; Total Number of Removed Registers = 8 ;                    ;
+---------------------------------------+--------------------+


+------------------------------------------------------+
; General Register Statistics                          ;
+----------------------------------------------+-------+
; Statistic                                    ; Value ;
+----------------------------------------------+-------+
; Total registers                              ; 43    ;
; Number of registers using Synchronous Clear  ; 6     ;
; Number of registers using Synchronous Load   ; 0     ;
; Number of registers using Asynchronous Clear ; 35    ;
; Number of registers using Asynchronous Load  ; 0     ;
; Number of registers using Clock Enable       ; 26    ;
; Number of registers using Preset             ; 0     ;
+----------------------------------------------+-------+


+------------------------------------------------------------------------------------------------------------------------------------------------------------+
; Multiplexer Restructuring Statistics (Restructuring Performed)                                                                                             ;
+--------------------+-----------+---------------+----------------------+------------------------+------------+----------------------------------------------+
; Multiplexer Inputs ; Bus Width ; Baseline Area ; Area if Restructured ; Saving if Restructured ; Registered ; Example Multiplexer Output                   ;
+--------------------+-----------+---------------+----------------------+------------------------+------------+----------------------------------------------+
; 3:1                ; 26 bits   ; 52 LEs        ; 26 LEs               ; 26 LEs                 ; Yes        ; |I2C_write|Q[21]                             ;
; 3:1                ; 3 bits    ; 6 LEs         ; 3 LEs                ; 3 LEs                  ; No         ; |I2C_write|I2C_control:I2C_control_0|ldnACK1 ;
; 3:1                ; 2 bits    ; 4 LEs         ; 4 LEs                ; 0 LEs                  ; No         ; |I2C_write|SEL                               ;
+--------------------+-----------+---------------+----------------------+------------------------+------------+----------------------------------------------+


+------------------------------------------------------------------------+
; Parameter Settings for User Entity Instance: I2C_control:I2C_control_0 ;
+----------------+-------+-----------------------------------------------+
; Parameter Name ; Value ; Type                                          ;
+----------------+-------+-----------------------------------------------+
; X_IDLE         ; 0     ; Signed Integer                                ;
; X_GO           ; 1     ; Signed Integer                                ;
; X_START        ; 2     ; Signed Integer                                ;
; X_WAIT         ; 3     ; Signed Integer                                ;
; X_SHIFT        ; 4     ; Signed Integer                                ;
; X_STOP         ; 5     ; Signed Integer                                ;
; X_FINAL        ; 6     ; Signed Integer                                ;
; X_END          ; 7     ; Signed Integer                                ;
+----------------+-------+-----------------------------------------------+
Note: In order to hide this table in the UI and the text report file, please set the "Show Parameter Settings in Synthesis Report" option in "Analysis and Synthesis Settings -> More Settings" to "Off".


+---------------------------------------------------------------------------------------------------------------------+
; Port Connectivity Checks: "I2C_control:I2C_control_0"                                                               ;
+-----------+--------+----------+-------------------------------------------------------------------------------------+
; Port      ; Type   ; Severity ; Details                                                                             ;
+-----------+--------+----------+-------------------------------------------------------------------------------------+
; SCLK_Temp ; Output ; Info     ; Connected to dangling logic. Logic that only feeds a dangling port will be removed. ;
+-----------+--------+----------+-------------------------------------------------------------------------------------+


+-------------------------------+
; Analysis & Synthesis Messages ;
+-------------------------------+
Info: *******************************************************************
Info: Running Quartus II Analysis & Synthesis
    Info: Version 10.0 Build 218 06/27/2010 SJ Web Edition
    Info: Processing started: Fri Sep 01 11:37:38 2017
Info: Command: quartus_map --read_settings_files=on --write_settings_files=off I2C_write -c I2C_write
Info: Found 1 design units, including 1 entities, in source file f:/users/llw/documents/i2c_control_hdl-verilog/i2c_control_hdl-verilog/i2c_control.v
    Info: Found entity 1: I2C_control
Info: Found 1 design units, including 1 entities, in source file i2c_write.v
    Info: Found entity 1: I2C_write
Warning (10236): Verilog HDL Implicit Net warning at I2C_write.v(31): created implicit net for "bitcountEN"
Warning (10236): Verilog HDL Implicit Net warning at I2C_write.v(32): created implicit net for "rstbitcount"
Info: Elaborating entity "I2C_write" for the top level hierarchy
Warning (10230): Verilog HDL assignment warning at I2C_write.v(53): truncated value with size 32 to match size of target (5)
Warning (10230): Verilog HDL assignment warning at I2C_write.v(104): truncated value with size 32 to match size of target (1)
Info: Elaborating entity "I2C_control" for hierarchy "I2C_control:I2C_control_0"
Info: Timing-Driven Synthesis is running
Info: 8 registers lost all their fanouts during netlist optimizations. The first 8 are displayed below.
    Info: Register "I2C_control:I2C_control_0|fstate~2" lost all its fanouts during netlist optimizations.
    Info: Register "I2C_control:I2C_control_0|fstate~3" lost all its fanouts during netlist optimizations.
    Info: Register "I2C_control:I2C_control_0|fstate~4" lost all its fanouts during netlist optimizations.
    Info: Register "I2C_control:I2C_control_0|fstate~5" lost all its fanouts during netlist optimizations.
    Info: Register "I2C_control:I2C_control_0|fstate~6" lost all its fanouts during netlist optimizations.
    Info: Register "I2C_control:I2C_control_0|fstate~7" lost all its fanouts during netlist optimizations.
    Info: Register "I2C_control:I2C_control_0|fstate~8" lost all its fanouts during netlist optimizations.
    Info: Register "I2C_control:I2C_control_0|fstate~9" lost all its fanouts during netlist optimizations.
Info: Generating hard_block partition "hard_block:auto_generated_inst"
Info: Implemented 96 device resources after synthesis - the final resource count might be different
    Info: Implemented 30 input pins
    Info: Implemented 9 output pins
    Info: Implemented 1 bidirectional pins
    Info: Implemented 56 logic cells
Info: Quartus II Analysis & Synthesis was successful. 0 errors, 4 warnings
    Info: Peak virtual memory: 285 megabytes
    Info: Processing ended: Fri Sep 01 11:37:41 2017
    Info: Elapsed time: 00:00:03
    Info: Total CPU time (on all processors): 00:00:02


